### ISSUE TITLE
Segfault in BNGetLowLevelILByIndex

### ISSUE THREAD

**Issue by withzombies** [Vector35/binaryninja-docs#77]
I'm trying to iterate over the LLIL by basic block. This facility isn't provided so I was trying dirty hacks and discovered a crashing test case.

Version: 1.0.273 beta
OS: OS X El Cap x64
Target Architecture: x86

Reproduction Steps:
1. Open x86 elf binary (specific example attached)
2. Run plugin on start via context menu (select "Signedness Analysis")
3. Segfault

I've run it a few times and $rdx is different each time. I think it's uninitialized.

```
#!/usr/bin/env python

from binaryninja import *

def run_signedness(view, F):
    log_info("Running signedness analysis on {0}".format(F))

    blocks = F.basic_blocks
    llil = F.low_level_il
    for block in blocks:
        log_info("BB: {0}\tAddress: {1:x}-{2:x}".format(block, block.start, block.end))

        addr = block.start
        while addr <= block.end:
            insn = llil[addr - llil.current_address]

            log_info("\t{0:08x}: {0}".format(addr, repr(insn)))

            addr += insn.size
        

    il = F.low_level_il
    for insn in il:
        log_info("{0}".format(insn))


    return

PluginCommand.register_for_function("Signedness Analysis", "Run signedness analysis on function.", run_signedness)
log_info("Loaded example2 plugin...")

```

```
(lldb) run
There is a running process, kill it and restart?: [Y/n] y
Process 81120 exited with status = 9 (0x00000009)
Process 81135 launched: './binaryninja' (x86_64)
Loaded example plugin...
Loaded example2 plugin...
Added x86 entry point at 0x8048850
ELF parsing took 0.000 seconds
Analysis update took 0.000 seconds
Running signedness analysis on <func: x86@0x8048850>
BB: <block: x86@0x8048850-0x8048872>	Address: 8048850-8048872
Process 81135 stopped
* thread #1: tid = 0x5f180f, 0x000000010058b2cf libbinaryninjacore.dylib`BNGetLowLevelILByIndex + 15, queue = 'com.apple.main-thread', stop reason = EXC_BAD_ACCESS (code=1, address=0x2681020d1e78)
    frame #0: 0x000000010058b2cf libbinaryninjacore.dylib`BNGetLowLevelILByIndex + 15
libbinaryninjacore.dylib`BNGetLowLevelILByIndex:
->  0x10058b2cf <+15>: mov    rcx, qword ptr [rax + rdx + 0x38]
    0x10058b2d4 <+20>: mov    qword ptr [rdi + 0x38], rcx
    0x10058b2d8 <+24>: mov    rcx, qword ptr [rax + rdx + 0x30]
    0x10058b2dd <+29>: mov    qword ptr [rdi + 0x30], rcx
(lldb) reg read
General Purpose Registers:
       rax = 0x00000001020cf800
       rbx = 0x00007fff5fbf84c0
       rcx = 0x0000000115bd8330
       rdx = 0x0000268000002640
       rdi = 0x00007fff5fbf84c0
       rsi = 0x000000010b591460
       rbp = 0x00007fff5fbf83a0
       rsp = 0x00007fff5fbf83a0
        r8 = 0x00007fff5fbf8340
        r9 = 0x0000000107feb3f7  _ctypes.so`get_ulong + 79
       r10 = 0x00007fff5fbf8300
       r11 = 0x000000010058b2c0  libbinaryninjacore.dylib`BNGetLowLevelILByIndex
       r12 = 0x00007fff5fbf8300
       r13 = 0x0000000000000002
       r14 = 0x00007fff5fbf84a0
       r15 = 0x9900b4f3af546b01
       rip = 0x000000010058b2cf  libbinaryninjacore.dylib`BNGetLowLevelILByIndex + 15
    rflags = 0x0000000000010202
        cs = 0x000000000000002b
        fs = 0x0000000000000000
        gs = 0x0000000000000000

(lldb) q
```

**Comment by withzombies** [comment]
[sftp_bf28442aa4ab1a4089ddca16729b29ac.zip](https://github.com/Vector35/binaryninja-docs/files/74447/sftp_bf28442aa4ab1a4089ddca16729b29ac.zip)

**Comment by D0ntPanic** [comment]
Fixed in 1.0.278 beta
